# JRE version: OpenJDK Runtime Environment (11.0.13) (build 11.0.13+0-b1751.21-8125866)
# Java VM: OpenJDK 64-Bit Server VM (11.0.13+0-b1751.21-8125866, mixed mode, tiered, compressed oops, g1 gc, windows-amd64)
Heap:
 garbage-first heap   total 239616K, used 151206K [0x0000000080000000, 0x0000000100000000)
  region size 1024K, 8 young (8192K), 6 survivors (6144K)
 Metaspace       used 123918K, capacity 127678K, committed 130524K, reserved 1161216K
  class space    used 15657K, capacity 17067K, committed 18304K, reserved 1048576K
GC Heap History (20 events):
Event: 51.049 GC heap before
{Heap before GC invocations=79 (full 0):
 garbage-first heap   total 239616K, used 155197K [0x0000000080000000, 0x0000000100000000)
  region size 1024K, 11 young (11264K), 7 survivors (7168K)
 Metaspace       used 113879K, capacity 118039K, committed 119772K, reserved 1153024K
  class space    used 14954K, capacity 16547K, committed 17280K, reserved 1048576K
}
Event: 51.060 GC heap after
{Heap after GC invocations=80 (full 0):
 garbage-first heap   total 239616K, used 149485K [0x0000000080000000, 0x0000000100000000)
  region size 1024K, 2 young (2048K), 2 survivors (2048K)
 Metaspace       used 113879K, capacity 118039K, committed 119772K, reserved 1153024K
  class space    used 14954K, capacity 16547K, committed 17280K, reserved 1048576K
}
Event: 51.964 GC heap before
{Heap before GC invocations=80 (full 0):
 garbage-first heap   total 239616K, used 197613K [0x0000000080000000, 0x0000000100000000)
  region size 1024K, 49 young (50176K), 2 survivors (2048K)
 Metaspace       used 116982K, capacity 121090K, committed 122972K, reserved 1155072K
  class space    used 15358K, capacity 16942K, committed 17664K, reserved 1048576K
}
Event: 51.969 GC heap after
{Heap after GC invocations=81 (full 0):
 garbage-first heap   total 239616K, used 149883K [0x0000000080000000, 0x0000000100000000)
  region size 1024K, 2 young (2048K), 2 survivors (2048K)
 Metaspace       used 116982K, capacity 121090K, committed 122972K, reserved 1155072K
  class space    used 15358K, capacity 16942K, committed 17664K, reserved 1048576K
}
Event: 53.215 GC heap before
{Heap before GC invocations=81 (full 0):
 garbage-first heap   total 239616K, used 205179K [0x0000000080000000, 0x0000000100000000)
  region size 1024K, 40 young (40960K), 2 survivors (2048K)
 Metaspace       used 119570K, capacity 123836K, committed 125276K, reserved 1157120K
  class space    used 15655K, capacity 17294K, committed 17920K, reserved 1048576K
}
Event: 53.223 GC heap after
{Heap after GC invocations=82 (full 0):
 garbage-first heap   total 239616K, used 171695K [0x0000000080000000, 0x0000000100000000)
  region size 1024K, 5 young (5120K), 5 survivors (5120K)
 Metaspace       used 119570K, capacity 123836K, committed 125276K, reserved 1157120K
  class space    used 15655K, capacity 17294K, committed 17920K, reserved 1048576K
}
Event: 245.618 GC heap before
{Heap before GC invocations=83 (full 0):
 garbage-first heap   total 239616K, used 232111K [0x0000000080000000, 0x0000000100000000)
  region size 1024K, 37 young (37888K), 5 survivors (5120K)
 Metaspace       used 122469K, capacity 126106K, committed 129372K, reserved 1161216K
  class space    used 15609K, capacity 16951K, committed 18176K, reserved 1048576K
}
Event: 245.635 GC heap after
{Heap after GC invocations=84 (full 0):
 garbage-first heap   total 239616K, used 152826K [0x0000000080000000, 0x0000000100000000)
  region size 1024K, 1 young (1024K), 1 survivors (1024K)
 Metaspace       used 122469K, capacity 126106K, committed 129372K, reserved 1161216K
  class space    used 15609K, capacity 16951K, committed 18176K, reserved 1048576K
}
Event: 726.800 GC heap before
{Heap before GC invocations=84 (full 0):
 garbage-first heap   total 239616K, used 163066K [0x0000000080000000, 0x0000000100000000)
  region size 1024K, 11 young (11264K), 1 survivors (1024K)
 Metaspace       used 122574K, capacity 126179K, committed 129372K, reserved 1161216K
  class space    used 15610K, capacity 16952K, committed 18176K, reserved 1048576K
}
Event: 726.820 GC heap after
{Heap after GC invocations=85 (full 0):
 garbage-first heap   total 239616K, used 148389K [0x0000000080000000, 0x0000000100000000)
  region size 1024K, 1 young (1024K), 1 survivors (1024K)
 Metaspace       used 122574K, capacity 126179K, committed 129372K, reserved 1161216K
  class space    used 15610K, capacity 16952K, committed 18176K, reserved 1048576K
}
Event: 729.059 GC heap before
{Heap before GC invocations=85 (full 0):
 garbage-first heap   total 239616K, used 198565K [0x0000000080000000, 0x0000000100000000)
  region size 1024K, 50 young (51200K), 1 survivors (1024K)
 Metaspace       used 123218K, capacity 126955K, committed 129884K, reserved 1161216K
  class space    used 15637K, capacity 17003K, committed 18176K, reserved 1048576K
}
Event: 729.074 GC heap after
{Heap after GC invocations=86 (full 0):
 garbage-first heap   total 239616K, used 156220K [0x0000000080000000, 0x0000000100000000)
  region size 1024K, 7 young (7168K), 7 survivors (7168K)
 Metaspace       used 123218K, capacity 126955K, committed 129884K, reserved 1161216K
  class space    used 15637K, capacity 17003K, committed 18176K, reserved 1048576K
}
Event: 730.381 GC heap before
{Heap before GC invocations=86 (full 0):
 garbage-first heap   total 239616K, used 199228K [0x0000000080000000, 0x0000000100000000)
  region size 1024K, 50 young (51200K), 7 survivors (7168K)
 Metaspace       used 123332K, capacity 127044K, committed 129884K, reserved 1161216K
  class space    used 15640K, capacity 17007K, committed 18176K, reserved 1048576K
}
Event: 730.408 GC heap after
{Heap after GC invocations=87 (full 0):
 garbage-first heap   total 239616K, used 160446K [0x0000000080000000, 0x0000000100000000)
  region size 1024K, 4 young (4096K), 4 survivors (4096K)
 Metaspace       used 123332K, capacity 127044K, committed 129884K, reserved 1161216K
  class space    used 15640K, capacity 17007K, committed 18176K, reserved 1048576K
}
Event: 1336.959 GC heap before
{Heap before GC invocations=88 (full 0):
 garbage-first heap   total 239616K, used 200382K [0x0000000080000000, 0x0000000100000000)
  region size 1024K, 44 young (45056K), 4 survivors (4096K)
 Metaspace       used 123548K, capacity 127284K, committed 130268K, reserved 1161216K
  class space    used 15644K, capacity 17042K, committed 18304K, reserved 1048576K
}
Event: 1336.976 GC heap after
{Heap after GC invocations=89 (full 0):
 garbage-first heap   total 239616K, used 162043K [0x0000000080000000, 0x0000000100000000)
  region size 1024K, 2 young (2048K), 2 survivors (2048K)
 Metaspace       used 123548K, capacity 127284K, committed 130268K, reserved 1161216K
  class space    used 15644K, capacity 17042K, committed 18304K, reserved 1048576K
}
Event: 2988.862 GC heap before
{Heap before GC invocations=89 (full 0):
 garbage-first heap   total 239616K, used 171259K [0x0000000080000000, 0x0000000100000000)
  region size 1024K, 11 young (11264K), 2 survivors (2048K)
 Metaspace       used 123550K, capacity 127284K, committed 130268K, reserved 1161216K
  class space    used 15644K, capacity 17042K, committed 18304K, reserved 1048576K
}
Event: 2988.877 GC heap after
{Heap after GC invocations=90 (full 0):
 garbage-first heap   total 239616K, used 150271K [0x0000000080000000, 0x0000000100000000)
  region size 1024K, 1 young (1024K), 1 survivors (1024K)
 Metaspace       used 123550K, capacity 127284K, committed 130268K, reserved 1161216K
  class space    used 15644K, capacity 17042K, committed 18304K, reserved 1048576K
}
Event: 2990.175 GC heap before
{Heap before GC invocations=90 (full 0):
 garbage-first heap   total 239616K, used 160511K [0x0000000080000000, 0x0000000100000000)
  region size 1024K, 11 young (11264K), 1 survivors (1024K)
 Metaspace       used 123554K, capacity 127284K, committed 130268K, reserved 1161216K
  class space    used 15644K, capacity 17042K, committed 18304K, reserved 1048576K
}
Event: 2990.193 GC heap after
{Heap after GC invocations=91 (full 0):
 garbage-first heap   total 239616K, used 144732K [0x0000000080000000, 0x0000000100000000)
  region size 1024K, 1 young (1024K), 1 survivors (1024K)
 Metaspace       used 123554K, capacity 127284K, committed 130268K, reserved 1161216K
  class space    used 15644K, capacity 17042K, committed 18304K, reserved 1048576K
}

