# JRE version: OpenJDK Runtime Environment (11.0.13) (build 11.0.13+0-b1751.21-8125866)
# Java VM: OpenJDK 64-Bit Server VM (11.0.13+0-b1751.21-8125866, mixed mode, tiered, compressed oops, g1 gc, windows-amd64)
Heap:
 garbage-first heap   total 247808K, used 194121K [0x0000000080000000, 0x0000000100000000)
  region size 1024K, 47 young (48128K), 6 survivors (6144K)
 Metaspace       used 124258K, capacity 127999K, committed 128080K, reserved 1161216K
  class space    used 15630K, capacity 16993K, committed 17024K, reserved 1048576K
GC Heap History (20 events):
Event: 46.984 GC heap before
{Heap before GC invocations=76 (full 0):
 garbage-first heap   total 247808K, used 214196K [0x0000000080000000, 0x0000000100000000)
  region size 1024K, 36 young (36864K), 2 survivors (2048K)
 Metaspace       used 112738K, capacity 116318K, committed 116560K, reserved 1150976K
  class space    used 14354K, capacity 15645K, committed 15744K, reserved 1048576K
}
Event: 46.991 GC heap after
{Heap after GC invocations=77 (full 0):
 garbage-first heap   total 247808K, used 181114K [0x0000000080000000, 0x0000000100000000)
  region size 1024K, 3 young (3072K), 3 survivors (3072K)
 Metaspace       used 112738K, capacity 116318K, committed 116560K, reserved 1150976K
  class space    used 14354K, capacity 15645K, committed 15744K, reserved 1048576K
}
Event: 47.231 GC heap before
{Heap before GC invocations=77 (full 0):
 garbage-first heap   total 247808K, used 213882K [0x0000000080000000, 0x0000000100000000)
  region size 1024K, 36 young (36864K), 3 survivors (3072K)
 Metaspace       used 113232K, capacity 116857K, committed 117072K, reserved 1150976K
  class space    used 14422K, capacity 15716K, committed 15744K, reserved 1048576K
}
Event: 47.238 GC heap after
{Heap after GC invocations=78 (full 0):
 garbage-first heap   total 247808K, used 184293K [0x0000000080000000, 0x0000000100000000)
  region size 1024K, 5 young (5120K), 5 survivors (5120K)
 Metaspace       used 113232K, capacity 116857K, committed 117072K, reserved 1150976K
  class space    used 14422K, capacity 15716K, committed 15744K, reserved 1048576K
}
Event: 48.156 GC heap before
{Heap before GC invocations=78 (full 0):
 garbage-first heap   total 247808K, used 215013K [0x0000000080000000, 0x0000000100000000)
  region size 1024K, 35 young (35840K), 5 survivors (5120K)
 Metaspace       used 115438K, capacity 119055K, committed 119248K, reserved 1153024K
  class space    used 14770K, capacity 16077K, committed 16128K, reserved 1048576K
}
Event: 48.163 GC heap after
{Heap after GC invocations=79 (full 0):
 garbage-first heap   total 247808K, used 185308K [0x0000000080000000, 0x0000000100000000)
  region size 1024K, 2 young (2048K), 2 survivors (2048K)
 Metaspace       used 115438K, capacity 119055K, committed 119248K, reserved 1153024K
  class space    used 14770K, capacity 16077K, committed 16128K, reserved 1048576K
}
Event: 48.673 GC heap before
{Heap before GC invocations=79 (full 0):
 garbage-first heap   total 247808K, used 213980K [0x0000000080000000, 0x0000000100000000)
  region size 1024K, 31 young (31744K), 2 survivors (2048K)
 Metaspace       used 117685K, capacity 121327K, committed 121552K, reserved 1155072K
  class space    used 15055K, capacity 16365K, committed 16384K, reserved 1048576K
}
Event: 48.676 GC heap after
{Heap after GC invocations=80 (full 0):
 garbage-first heap   total 247808K, used 185324K [0x0000000080000000, 0x0000000100000000)
  region size 1024K, 2 young (2048K), 2 survivors (2048K)
 Metaspace       used 117685K, capacity 121327K, committed 121552K, reserved 1155072K
  class space    used 15055K, capacity 16365K, committed 16384K, reserved 1048576K
}
Event: 49.461 GC heap before
{Heap before GC invocations=80 (full 0):
 garbage-first heap   total 247808K, used 213996K [0x0000000080000000, 0x0000000100000000)
  region size 1024K, 31 young (31744K), 2 survivors (2048K)
 Metaspace       used 119713K, capacity 123455K, committed 123600K, reserved 1157120K
  class space    used 15288K, capacity 16619K, committed 16640K, reserved 1048576K
}
Event: 49.466 GC heap after
{Heap after GC invocations=81 (full 0):
 garbage-first heap   total 247808K, used 188409K [0x0000000080000000, 0x0000000100000000)
  region size 1024K, 4 young (4096K), 4 survivors (4096K)
 Metaspace       used 119713K, capacity 123455K, committed 123600K, reserved 1157120K
  class space    used 15288K, capacity 16619K, committed 16640K, reserved 1048576K
}
Event: 49.510 GC heap before
{Heap before GC invocations=81 (full 0):
 garbage-first heap   total 247808K, used 206841K [0x0000000080000000, 0x0000000100000000)
  region size 1024K, 8 young (8192K), 4 survivors (4096K)
 Metaspace       used 119857K, capacity 123555K, committed 123728K, reserved 1157120K
  class space    used 15307K, capacity 16652K, committed 16768K, reserved 1048576K
}
Event: 49.516 GC heap after
{Heap after GC invocations=82 (full 0):
 garbage-first heap   total 247808K, used 205428K [0x0000000080000000, 0x0000000100000000)
  region size 1024K, 1 young (1024K), 1 survivors (1024K)
 Metaspace       used 119857K, capacity 123555K, committed 123728K, reserved 1157120K
  class space    used 15307K, capacity 16652K, committed 16768K, reserved 1048576K
}
Event: 50.082 GC heap before
{Heap before GC invocations=83 (full 0):
 garbage-first heap   total 247808K, used 244313K [0x0000000080000000, 0x0000000100000000)
  region size 1024K, 12 young (12288K), 1 survivors (1024K)
 Metaspace       used 120799K, capacity 124439K, committed 124752K, reserved 1157120K
  class space    used 15429K, capacity 16730K, committed 16768K, reserved 1048576K
}
Event: 50.087 GC heap after
{Heap after GC invocations=84 (full 0):
 garbage-first heap   total 247808K, used 187038K [0x0000000080000000, 0x0000000100000000)
  region size 1024K, 1 young (1024K), 1 survivors (1024K)
 Metaspace       used 120799K, capacity 124439K, committed 124752K, reserved 1157120K
  class space    used 15429K, capacity 16730K, committed 16768K, reserved 1048576K
}
Event: 50.261 GC heap before
{Heap before GC invocations=84 (full 0):
 garbage-first heap   total 247808K, used 197278K [0x0000000080000000, 0x0000000100000000)
  region size 1024K, 12 young (12288K), 1 survivors (1024K)
 Metaspace       used 122233K, capacity 125933K, committed 126160K, reserved 1159168K
  class space    used 15526K, capacity 16864K, committed 16896K, reserved 1048576K
}
Event: 50.265 GC heap after
{Heap after GC invocations=85 (full 0):
 garbage-first heap   total 247808K, used 160461K [0x0000000080000000, 0x0000000100000000)
  region size 1024K, 1 young (1024K), 1 survivors (1024K)
 Metaspace       used 122233K, capacity 125933K, committed 126160K, reserved 1159168K
  class space    used 15526K, capacity 16864K, committed 16896K, reserved 1048576K
}
Event: 273.006 GC heap before
{Heap before GC invocations=85 (full 0):
 garbage-first heap   total 247808K, used 170701K [0x0000000080000000, 0x0000000100000000)
  region size 1024K, 12 young (12288K), 1 survivors (1024K)
 Metaspace       used 123511K, capacity 127196K, committed 127312K, reserved 1159168K
  class space    used 15601K, capacity 16938K, committed 17024K, reserved 1048576K
}
Event: 273.037 GC heap after
{Heap after GC invocations=86 (full 0):
 garbage-first heap   total 247808K, used 146653K [0x0000000080000000, 0x0000000100000000)
  region size 1024K, 1 young (1024K), 1 survivors (1024K)
 Metaspace       used 123511K, capacity 127196K, committed 127312K, reserved 1159168K
  class space    used 15601K, capacity 16938K, committed 17024K, reserved 1048576K
}
Event: 274.413 GC heap before
{Heap before GC invocations=86 (full 0):
 garbage-first heap   total 247808K, used 193757K [0x0000000080000000, 0x0000000100000000)
  region size 1024K, 48 young (49152K), 1 survivors (1024K)
 Metaspace       used 124132K, capacity 127848K, committed 128080K, reserved 1161216K
  class space    used 15628K, capacity 16989K, committed 17024K, reserved 1048576K
}
Event: 274.425 GC heap after
{Heap after GC invocations=87 (full 0):
 garbage-first heap   total 247808K, used 154185K [0x0000000080000000, 0x0000000100000000)
  region size 1024K, 6 young (6144K), 6 survivors (6144K)
 Metaspace       used 124132K, capacity 127848K, committed 128080K, reserved 1161216K
  class space    used 15628K, capacity 16989K, committed 17024K, reserved 1048576K
}

