# JRE version: OpenJDK Runtime Environment (11.0.13) (build 11.0.13+0-b1751.21-8125866)
# Java VM: OpenJDK 64-Bit Server VM (11.0.13+0-b1751.21-8125866, mixed mode, tiered, compressed oops, g1 gc, windows-amd64)
Heap:
 garbage-first heap   total 165888K, used 79695K [0x0000000080000000, 0x0000000100000000)
  region size 1024K, 20 young (20480K), 7 survivors (7168K)
 Metaspace       used 75312K, capacity 77338K, committed 77532K, reserved 1116160K
  class space    used 9716K, capacity 10384K, committed 10400K, reserved 1048576K
GC Heap History (20 events):
Event: 10.759 GC heap before
{Heap before GC invocations=9 (full 0):
 garbage-first heap   total 114688K, used 73420K [0x0000000080000000, 0x0000000100000000)
  region size 1024K, 53 young (54272K), 7 survivors (7168K)
 Metaspace       used 42530K, capacity 43631K, committed 43984K, reserved 1087488K
  class space    used 5431K, capacity 5802K, committed 5920K, reserved 1048576K
}
Event: 10.773 GC heap after
{Heap after GC invocations=10 (full 0):
 garbage-first heap   total 114688K, used 29042K [0x0000000080000000, 0x0000000100000000)
  region size 1024K, 7 young (7168K), 7 survivors (7168K)
 Metaspace       used 42530K, capacity 43631K, committed 43984K, reserved 1087488K
  class space    used 5431K, capacity 5802K, committed 5920K, reserved 1048576K
}
Event: 11.672 GC heap before
{Heap before GC invocations=10 (full 0):
 garbage-first heap   total 114688K, used 76146K [0x0000000080000000, 0x0000000100000000)
  region size 1024K, 53 young (54272K), 7 survivors (7168K)
 Metaspace       used 46366K, capacity 47631K, committed 47824K, reserved 1091584K
  class space    used 5887K, capacity 6305K, committed 6432K, reserved 1048576K
}
Event: 11.686 GC heap after
{Heap after GC invocations=11 (full 0):
 garbage-first heap   total 138240K, used 31043K [0x0000000080000000, 0x0000000100000000)
  region size 1024K, 5 young (5120K), 5 survivors (5120K)
 Metaspace       used 46366K, capacity 47631K, committed 47824K, reserved 1091584K
  class space    used 5887K, capacity 6305K, committed 6432K, reserved 1048576K
}
Event: 13.559 GC heap before
{Heap before GC invocations=11 (full 0):
 garbage-first heap   total 138240K, used 90435K [0x0000000080000000, 0x0000000100000000)
  region size 1024K, 62 young (63488K), 5 survivors (5120K)
 Metaspace       used 48653K, capacity 50036K, committed 50384K, reserved 1093632K
  class space    used 6145K, capacity 6591K, committed 6688K, reserved 1048576K
}
Event: 13.572 GC heap after
{Heap after GC invocations=12 (full 0):
 garbage-first heap   total 138240K, used 40098K [0x0000000080000000, 0x0000000100000000)
  region size 1024K, 8 young (8192K), 8 survivors (8192K)
 Metaspace       used 48653K, capacity 50036K, committed 50384K, reserved 1093632K
  class space    used 6145K, capacity 6591K, committed 6688K, reserved 1048576K
}
Event: 15.023 GC heap before
{Heap before GC invocations=12 (full 0):
 garbage-first heap   total 138240K, used 97442K [0x0000000080000000, 0x0000000100000000)
  region size 1024K, 62 young (63488K), 8 survivors (8192K)
 Metaspace       used 54154K, capacity 55766K, committed 56016K, reserved 1097728K
  class space    used 6864K, capacity 7357K, committed 7456K, reserved 1048576K
}
Event: 15.039 GC heap after
{Heap after GC invocations=13 (full 0):
 garbage-first heap   total 138240K, used 48268K [0x0000000080000000, 0x0000000100000000)
  region size 1024K, 6 young (6144K), 6 survivors (6144K)
 Metaspace       used 54154K, capacity 55766K, committed 56016K, reserved 1097728K
  class space    used 6864K, capacity 7357K, committed 7456K, reserved 1048576K
}
Event: 16.162 GC heap before
{Heap before GC invocations=13 (full 0):
 garbage-first heap   total 138240K, used 77964K [0x0000000080000000, 0x0000000100000000)
  region size 1024K, 36 young (36864K), 6 survivors (6144K)
 Metaspace       used 58757K, capacity 60397K, committed 60508K, reserved 1101824K
  class space    used 7348K, capacity 7873K, committed 7968K, reserved 1048576K
}
Event: 16.186 GC heap after
{Heap after GC invocations=14 (full 0):
 garbage-first heap   total 138240K, used 49720K [0x0000000080000000, 0x0000000100000000)
  region size 1024K, 2 young (2048K), 2 survivors (2048K)
 Metaspace       used 58757K, capacity 60397K, committed 60508K, reserved 1101824K
  class space    used 7348K, capacity 7873K, committed 7968K, reserved 1048576K
}
Event: 17.585 GC heap before
{Heap before GC invocations=15 (full 0):
 garbage-first heap   total 138240K, used 107064K [0x0000000080000000, 0x0000000100000000)
  region size 1024K, 52 young (53248K), 2 survivors (2048K)
 Metaspace       used 63706K, capacity 65347K, committed 65500K, reserved 1105920K
  class space    used 7971K, capacity 8518K, committed 8608K, reserved 1048576K
}
Event: 17.591 GC heap after
{Heap after GC invocations=16 (full 0):
 garbage-first heap   total 138240K, used 53944K [0x0000000080000000, 0x0000000100000000)
  region size 1024K, 6 young (6144K), 6 survivors (6144K)
 Metaspace       used 63706K, capacity 65347K, committed 65500K, reserved 1105920K
  class space    used 7971K, capacity 8518K, committed 8608K, reserved 1048576K
}
Event: 18.511 GC heap before
{Heap before GC invocations=16 (full 0):
 garbage-first heap   total 138240K, used 103096K [0x0000000080000000, 0x0000000100000000)
  region size 1024K, 54 young (55296K), 6 survivors (6144K)
 Metaspace       used 66757K, capacity 68504K, committed 68700K, reserved 1110016K
  class space    used 8381K, capacity 8960K, committed 8992K, reserved 1048576K
}
Event: 18.519 GC heap after
{Heap after GC invocations=17 (full 0):
 garbage-first heap   total 138240K, used 56815K [0x0000000080000000, 0x0000000100000000)
  region size 1024K, 3 young (3072K), 3 survivors (3072K)
 Metaspace       used 66757K, capacity 68504K, committed 68700K, reserved 1110016K
  class space    used 8381K, capacity 8960K, committed 8992K, reserved 1048576K
}
Event: 19.117 GC heap before
{Heap before GC invocations=17 (full 0):
 garbage-first heap   total 138240K, used 105967K [0x0000000080000000, 0x0000000100000000)
  region size 1024K, 51 young (52224K), 3 survivors (3072K)
 Metaspace       used 68256K, capacity 70096K, committed 70236K, reserved 1110016K
  class space    used 8569K, capacity 9167K, committed 9248K, reserved 1048576K
}
Event: 19.126 GC heap after
{Heap after GC invocations=18 (full 0):
 garbage-first heap   total 138240K, used 60221K [0x0000000080000000, 0x0000000100000000)
  region size 1024K, 7 young (7168K), 7 survivors (7168K)
 Metaspace       used 68256K, capacity 70096K, committed 70236K, reserved 1110016K
  class space    used 8569K, capacity 9167K, committed 9248K, reserved 1048576K
}
Event: 20.443 GC heap before
{Heap before GC invocations=18 (full 0):
 garbage-first heap   total 138240K, used 107325K [0x0000000080000000, 0x0000000100000000)
  region size 1024K, 53 young (54272K), 7 survivors (7168K)
 Metaspace       used 73095K, capacity 74975K, committed 75100K, reserved 1114112K
  class space    used 9376K, capacity 10016K, committed 10016K, reserved 1048576K
}
Event: 20.456 GC heap after
{Heap after GC invocations=19 (full 0):
 garbage-first heap   total 138240K, used 63716K [0x0000000080000000, 0x0000000100000000)
  region size 1024K, 7 young (7168K), 7 survivors (7168K)
 Metaspace       used 73095K, capacity 74975K, committed 75100K, reserved 1114112K
  class space    used 9376K, capacity 10016K, committed 10016K, reserved 1048576K
}
Event: 21.030 GC heap before
{Heap before GC invocations=19 (full 0):
 garbage-first heap   total 138240K, used 109796K [0x0000000080000000, 0x0000000100000000)
  region size 1024K, 52 young (53248K), 7 survivors (7168K)
 Metaspace       used 74174K, capacity 76094K, committed 76380K, reserved 1116160K
  class space    used 9526K, capacity 10191K, committed 10272K, reserved 1048576K
}
Event: 21.043 GC heap after
{Heap after GC invocations=20 (full 0):
 garbage-first heap   total 165888K, used 67407K [0x0000000080000000, 0x0000000100000000)
  region size 1024K, 7 young (7168K), 7 survivors (7168K)
 Metaspace       used 74174K, capacity 76094K, committed 76380K, reserved 1116160K
  class space    used 9526K, capacity 10191K, committed 10272K, reserved 1048576K
}

