# JRE version: OpenJDK Runtime Environment (11.0.13) (build 11.0.13+0-b1751.21-8125866)
# Java VM: OpenJDK 64-Bit Server VM (11.0.13+0-b1751.21-8125866, mixed mode, tiered, compressed oops, g1 gc, windows-amd64)
Heap:
 garbage-first heap   total 263168K, used 215476K [0x0000000080000000, 0x0000000100000000)
  region size 1024K, 77 young (78848K), 10 survivors (10240K)
 Metaspace       used 94725K, capacity 97460K, committed 97628K, reserved 1134592K
  class space    used 11778K, capacity 12711K, committed 12748K, reserved 1048576K
GC Heap History (20 events):
Event: 28.073 GC heap after
{Heap after GC invocations=47 (full 0):
 garbage-first heap   total 217088K, used 109054K [0x0000000080000000, 0x0000000100000000)
  region size 1024K, 5 young (5120K), 5 survivors (5120K)
 Metaspace       used 87648K, capacity 90075K, committed 90460K, reserved 1128448K
  class space    used 11253K, capacity 12064K, committed 12236K, reserved 1048576K
}
Event: 28.331 GC heap before
{Heap before GC invocations=47 (full 0):
 garbage-first heap   total 217088K, used 157182K [0x0000000080000000, 0x0000000100000000)
  region size 1024K, 53 young (54272K), 5 survivors (5120K)
 Metaspace       used 87666K, capacity 90076K, committed 90460K, reserved 1128448K
  class space    used 11254K, capacity 12064K, committed 12236K, reserved 1048576K
}
Event: 28.337 GC heap after
{Heap after GC invocations=48 (full 0):
 garbage-first heap   total 217088K, used 111279K [0x0000000080000000, 0x0000000100000000)
  region size 1024K, 5 young (5120K), 5 survivors (5120K)
 Metaspace       used 87666K, capacity 90076K, committed 90460K, reserved 1128448K
  class space    used 11254K, capacity 12064K, committed 12236K, reserved 1048576K
}
Event: 28.886 GC heap before
{Heap before GC invocations=48 (full 0):
 garbage-first heap   total 217088K, used 161455K [0x0000000080000000, 0x0000000100000000)
  region size 1024K, 55 young (56320K), 5 survivors (5120K)
 Metaspace       used 88048K, capacity 90537K, committed 90972K, reserved 1128448K
  class space    used 11277K, capacity 12105K, committed 12236K, reserved 1048576K
}
Event: 28.894 GC heap after
{Heap after GC invocations=49 (full 0):
 garbage-first heap   total 217088K, used 114338K [0x0000000080000000, 0x0000000100000000)
  region size 1024K, 6 young (6144K), 6 survivors (6144K)
 Metaspace       used 88048K, capacity 90537K, committed 90972K, reserved 1128448K
  class space    used 11277K, capacity 12105K, committed 12236K, reserved 1048576K
}
Event: 29.242 GC heap before
{Heap before GC invocations=49 (full 0):
 garbage-first heap   total 217088K, used 164514K [0x0000000080000000, 0x0000000100000000)
  region size 1024K, 56 young (57344K), 6 survivors (6144K)
 Metaspace       used 88087K, capacity 90543K, committed 90972K, reserved 1128448K
  class space    used 11278K, capacity 12106K, committed 12236K, reserved 1048576K
}
Event: 29.253 GC heap after
{Heap after GC invocations=50 (full 0):
 garbage-first heap   total 263168K, used 117573K [0x0000000080000000, 0x0000000100000000)
  region size 1024K, 6 young (6144K), 6 survivors (6144K)
 Metaspace       used 88087K, capacity 90543K, committed 90972K, reserved 1128448K
  class space    used 11278K, capacity 12106K, committed 12236K, reserved 1048576K
}
Event: 29.682 GC heap before
{Heap before GC invocations=50 (full 0):
 garbage-first heap   total 263168K, used 189253K [0x0000000080000000, 0x0000000100000000)
  region size 1024K, 77 young (78848K), 6 survivors (6144K)
 Metaspace       used 88099K, capacity 90544K, committed 90972K, reserved 1128448K
  class space    used 11278K, capacity 12106K, committed 12236K, reserved 1048576K
}
Event: 29.690 GC heap after
{Heap after GC invocations=51 (full 0):
 garbage-first heap   total 263168K, used 120766K [0x0000000080000000, 0x0000000100000000)
  region size 1024K, 9 young (9216K), 9 survivors (9216K)
 Metaspace       used 88099K, capacity 90544K, committed 90972K, reserved 1128448K
  class space    used 11278K, capacity 12106K, committed 12236K, reserved 1048576K
}
Event: 30.155 GC heap before
{Heap before GC invocations=51 (full 0):
 garbage-first heap   total 263168K, used 195518K [0x0000000080000000, 0x0000000100000000)
  region size 1024K, 83 young (84992K), 9 survivors (9216K)
 Metaspace       used 88170K, capacity 90619K, committed 90972K, reserved 1128448K
  class space    used 11280K, capacity 12108K, committed 12236K, reserved 1048576K
}
Event: 30.165 GC heap after
{Heap after GC invocations=52 (full 0):
 garbage-first heap   total 263168K, used 124146K [0x0000000080000000, 0x0000000100000000)
  region size 1024K, 7 young (7168K), 7 survivors (7168K)
 Metaspace       used 88170K, capacity 90619K, committed 90972K, reserved 1128448K
  class space    used 11280K, capacity 12108K, committed 12236K, reserved 1048576K
}
Event: 646.104 GC heap before
{Heap before GC invocations=52 (full 0):
 garbage-first heap   total 263168K, used 199922K [0x0000000080000000, 0x0000000100000000)
  region size 1024K, 82 young (83968K), 7 survivors (7168K)
 Metaspace       used 92486K, capacity 94953K, committed 95196K, reserved 1132544K
  class space    used 11623K, capacity 12477K, committed 12620K, reserved 1048576K
}
Event: 646.119 GC heap after
{Heap after GC invocations=53 (full 0):
 garbage-first heap   total 263168K, used 126458K [0x0000000080000000, 0x0000000100000000)
  region size 1024K, 5 young (5120K), 5 survivors (5120K)
 Metaspace       used 92486K, capacity 94953K, committed 95196K, reserved 1132544K
  class space    used 11623K, capacity 12477K, committed 12620K, reserved 1048576K
}
Event: 647.968 GC heap before
{Heap before GC invocations=53 (full 0):
 garbage-first heap   total 263168K, used 206330K [0x0000000080000000, 0x0000000100000000)
  region size 1024K, 84 young (86016K), 5 survivors (5120K)
 Metaspace       used 93130K, capacity 95786K, committed 95964K, reserved 1132544K
  class space    used 11650K, capacity 12528K, committed 12620K, reserved 1048576K
}
Event: 647.981 GC heap after
{Heap after GC invocations=54 (full 0):
 garbage-first heap   total 263168K, used 135889K [0x0000000080000000, 0x0000000100000000)
  region size 1024K, 11 young (11264K), 11 survivors (11264K)
 Metaspace       used 93130K, capacity 95786K, committed 95964K, reserved 1132544K
  class space    used 11650K, capacity 12528K, committed 12620K, reserved 1048576K
}
Event: 2403.166 GC heap before
{Heap before GC invocations=54 (full 0):
 garbage-first heap   total 263168K, used 209617K [0x0000000080000000, 0x0000000100000000)
  region size 1024K, 84 young (86016K), 11 survivors (11264K)
 Metaspace       used 93425K, capacity 96066K, committed 96220K, reserved 1132544K
  class space    used 11655K, capacity 12532K, committed 12620K, reserved 1048576K
}
Event: 2403.215 GC heap after
{Heap after GC invocations=55 (full 0):
 garbage-first heap   total 263168K, used 139461K [0x0000000080000000, 0x0000000100000000)
  region size 1024K, 4 young (4096K), 4 survivors (4096K)
 Metaspace       used 93425K, capacity 96066K, committed 96220K, reserved 1132544K
  class space    used 11655K, capacity 12532K, committed 12620K, reserved 1048576K
}
Event: 3333.951 GC heap before
{Heap before GC invocations=55 (full 0):
 garbage-first heap   total 263168K, used 212165K [0x0000000080000000, 0x0000000100000000)
  region size 1024K, 76 young (77824K), 4 survivors (4096K)
 Metaspace       used 93990K, capacity 96622K, committed 96732K, reserved 1134592K
  class space    used 11673K, capacity 12563K, committed 12620K, reserved 1048576K
}
Event: 3333.971 GC heap after
{Heap after GC invocations=56 (full 0):
 garbage-first heap   total 263168K, used 146868K [0x0000000080000000, 0x0000000100000000)
  region size 1024K, 10 young (10240K), 10 survivors (10240K)
 Metaspace       used 93990K, capacity 96622K, committed 96732K, reserved 1134592K
  class space    used 11673K, capacity 12563K, committed 12620K, reserved 1048576K
}
Event: 3334.866 GC heap before
{Heap before GC invocations=56 (full 0):
 garbage-first heap   total 263168K, used 214452K [0x0000000080000000, 0x0000000100000000)
  region size 1024K, 77 young (78848K), 10 survivors (10240K)
 Metaspace       used 94725K, capacity 97460K, committed 97628K, reserved 1134592K
  class space    used 11778K, capacity 12711K, committed 12748K, reserved 1048576K
}

